<?xml version="1.0" encoding="UTF-8"?>
<!-- Generated by org.testng.reporters.JUnitReportReporter -->
<testsuite skipped="0" hostname="LAPTOP-JTNN1PTL" name="Academy.HomePage" tests="4" failures="0" timestamp="2021-05-14T07:51:24 EDT" time="40.438" errors="0">
  <testcase name="DDDDD" time="0.034" classname="Academy.HomePage"/>
  <system-out/>
  <testcase name="basePageNavigation" time="10.819" classname="Academy.HomePage"/>
  <system-out/>
  <testcase name="basePageNavigation" time="19.075" classname="Academy.HomePage"/>
  <system-out/>
  <testcase name="basePageNavigation" time="10.510" classname="Academy.HomePage"/>
  <system-out/>
</testsuite> <!-- Academy.HomePage -->
